<?xml version="1.0" encoding="UTF-8"?>
<!-- Generated by org.testng.reporters.JUnitReportReporter -->
<testsuite hostname="apples-MacBook-Pro.local" name="com.citi.mobileAutomation.test_SG.Test_APAC_iOS_Frequent_Payment_Billers_Adhoc" tests="24" failures="1" timestamp="11 Jul 2019 12:44:17 GMT" time="174.492" errors="0">
  <testcase name="gettingDashboard" time="1.603" classname="com.citi.mobileAutomation.test_SG.Test_APAC_iOS_Frequent_Payment_Billers_Adhoc"/>
  <testcase name="gettingDashboard" time="6.809" classname="com.citi.mobileAutomation.test_SG.Test_APAC_iOS_Frequent_Payment_Billers_Adhoc"/>
  <testcase name="gettingDashboard" time="4.649" classname="com.citi.mobileAutomation.test_SG.Test_APAC_iOS_Frequent_Payment_Billers_Adhoc"/>
  <testcase name="gettingDashboard" time="10.658" classname="com.citi.mobileAutomation.test_SG.Test_APAC_iOS_Frequent_Payment_Billers_Adhoc"/>
  <testcase name="gettingDashboard" time="1.878" classname="com.citi.mobileAutomation.test_SG.Test_APAC_iOS_Frequent_Payment_Billers_Adhoc"/>
  <testcase name="gettingDashboard" time="7.754" classname="com.citi.mobileAutomation.test_SG.Test_APAC_iOS_Frequent_Payment_Billers_Adhoc"/>
  <testcase name="gettingDashboard" time="1.532" classname="com.citi.mobileAutomation.test_SG.Test_APAC_iOS_Frequent_Payment_Billers_Adhoc"/>
  <testcase name="gettingDashboard" time="2.178" classname="com.citi.mobileAutomation.test_SG.Test_APAC_iOS_Frequent_Payment_Billers_Adhoc"/>
  <testcase name="gettingDashboard" time="11.027" classname="com.citi.mobileAutomation.test_SG.Test_APAC_iOS_Frequent_Payment_Billers_Adhoc"/>
  <testcase name="gettingDashboard" time="1.736" classname="com.citi.mobileAutomation.test_SG.Test_APAC_iOS_Frequent_Payment_Billers_Adhoc"/>
  <testcase name="gettingDashboard" time="2.081" classname="com.citi.mobileAutomation.test_SG.Test_APAC_iOS_Frequent_Payment_Billers_Adhoc"/>
  <testcase name="gettingDashboard" time="1.835" classname="com.citi.mobileAutomation.test_SG.Test_APAC_iOS_Frequent_Payment_Billers_Adhoc"/>
  <testcase name="gettingDashboard" time="10.545" classname="com.citi.mobileAutomation.test_SG.Test_APAC_iOS_Frequent_Payment_Billers_Adhoc"/>
  <testcase name="gettingDashboard" time="2.264" classname="com.citi.mobileAutomation.test_SG.Test_APAC_iOS_Frequent_Payment_Billers_Adhoc"/>
  <testcase name="gettingDashboard" time="0.533" classname="com.citi.mobileAutomation.test_SG.Test_APAC_iOS_Frequent_Payment_Billers_Adhoc"/>
  <testcase name="gettingDashboard" time="2.278" classname="com.citi.mobileAutomation.test_SG.Test_APAC_iOS_Frequent_Payment_Billers_Adhoc"/>
  <testcase name="gettingDashboard" time="1.947" classname="com.citi.mobileAutomation.test_SG.Test_APAC_iOS_Frequent_Payment_Billers_Adhoc"/>
  <testcase name="gettingDashboard" time="1.088" classname="com.citi.mobileAutomation.test_SG.Test_APAC_iOS_Frequent_Payment_Billers_Adhoc"/>
  <testcase name="gettingDashboard" time="0.240" classname="com.citi.mobileAutomation.test_SG.Test_APAC_iOS_Frequent_Payment_Billers_Adhoc"/>
  <testcase name="gettingDashboard" time="45.466" classname="com.citi.mobileAutomation.test_SG.Test_APAC_iOS_Frequent_Payment_Billers_Adhoc">
    <failure type="java.lang.AssertionError" message="expected [true] but found [false]">
      <![CDATA[java.lang.AssertionError: expected [true] but found [false]
	at org.testng.Assert.fail(Assert.java:94)
	at org.testng.Assert.failNotEquals(Assert.java:513)
	at org.testng.Assert.assertTrue(Assert.java:42)
	at org.testng.Assert.assertTrue(Assert.java:52)
	at com.citi.mobileAutomation.assertEngine.Assert_Engine.assertMapping(Assert_Engine.java:13)
	at com.citi.mobileAutomation.dataMapping.Action_Mapping.actionMapping_Mobile_Application_Native_Android(Action_Mapping.java:100)
	at com.citi.mobileAutomation.dataMapping.ObjectGroups.actionOnElements(ObjectGroups.java:45)
	at com.citi.mobileAutomation.test_SG.Test_APAC_iOS_Frequent_Payment_Billers_Adhoc.gettingDashboard(Test_APAC_iOS_Frequent_Payment_Billers_Adhoc.java:24)
	at sun.reflect.NativeMethodAccessorImpl.invoke0(Native Method)
	at sun.reflect.NativeMethodAccessorImpl.invoke(NativeMethodAccessorImpl.java:62)
	at sun.reflect.DelegatingMethodAccessorImpl.invoke(DelegatingMethodAccessorImpl.java:43)
	at java.lang.reflect.Method.invoke(Method.java:498)
	at org.testng.internal.MethodInvocationHelper.invokeMethod(MethodInvocationHelper.java:86)
	at org.testng.internal.Invoker.invokeMethod(Invoker.java:645)
	at org.testng.internal.Invoker.invokeTestMethod(Invoker.java:822)
	at org.testng.internal.Invoker.invokeTestMethods(Invoker.java:1130)
	at org.testng.internal.TestMethodWorker.invokeTestMethods(TestMethodWorker.java:129)
	at org.testng.internal.TestMethodWorker.run(TestMethodWorker.java:112)
	at org.testng.TestRunner.privateRun(TestRunner.java:782)
	at org.testng.TestRunner.run(TestRunner.java:632)
	at org.testng.SuiteRunner.runTest(SuiteRunner.java:366)
	at org.testng.SuiteRunner.runSequentially(SuiteRunner.java:361)
	at org.testng.SuiteRunner.privateRun(SuiteRunner.java:319)
	at org.testng.SuiteRunner.run(SuiteRunner.java:268)
	at org.testng.SuiteRunnerWorker.runSuite(SuiteRunnerWorker.java:52)
	at org.testng.SuiteRunnerWorker.run(SuiteRunnerWorker.java:86)
	at org.testng.TestNG.runSuitesSequentially(TestNG.java:1244)
	at org.testng.TestNG.runSuitesLocally(TestNG.java:1169)
	at org.testng.TestNG.run(TestNG.java:1064)
	at org.testng.remote.RemoteTestNG.run(RemoteTestNG.java:113)
	at org.testng.remote.RemoteTestNG.initAndRun(RemoteTestNG.java:206)
	at org.testng.remote.RemoteTestNG.main(RemoteTestNG.java:177)
]]>
    </failure>
  </testcase> <!-- gettingDashboard -->
  <testcase name="gettingDashboard" time="44.888" classname="com.citi.mobileAutomation.test_SG.Test_APAC_iOS_Frequent_Payment_Billers_Adhoc"/>
  <testcase name="gettingDashboard" time="0.242" classname="com.citi.mobileAutomation.test_SG.Test_APAC_iOS_Frequent_Payment_Billers_Adhoc"/>
  <testcase name="gettingDashboard" time="2.587" classname="com.citi.mobileAutomation.test_SG.Test_APAC_iOS_Frequent_Payment_Billers_Adhoc"/>
  <testcase name="gettingDashboard" time="8.674" classname="com.citi.mobileAutomation.test_SG.Test_APAC_iOS_Frequent_Payment_Billers_Adhoc"/>
</testsuite> <!-- com.citi.mobileAutomation.test_SG.Test_APAC_iOS_Frequent_Payment_Billers_Adhoc -->
