<?xml version="1.0" encoding="UTF-8"?>
<!-- Generated by org.testng.reporters.JUnitReportReporter -->
<testsuite hostname="apples-MacBook-Pro.local" name="com.citi.mobileAutomation.test_SG.Test_Apac_iOS_Externalcc_LCY_LCY" tests="2" failures="0" timestamp="18 Jul 2019 11:04:36 GMT" time="17.473" errors="0">
  <testcase name="gettingDashboard" time="1.658" classname="com.citi.mobileAutomation.test_SG.Test_Apac_iOS_Externalcc_LCY_LCY"/>
  <testcase name="gettingDashboard" time="15.815" classname="com.citi.mobileAutomation.test_SG.Test_Apac_iOS_Externalcc_LCY_LCY"/>
</testsuite> <!-- com.citi.mobileAutomation.test_SG.Test_Apac_iOS_Externalcc_LCY_LCY -->
