<?xml version="1.0" encoding="UTF-8"?>
<!-- Generated by org.testng.reporters.JUnitReportReporter -->
<testsuite skipped="0" hostname="apples-MacBook-Pro-4.local" name="com.citi.mobileAutomation.test_SG.Test_APAC_iOS_Frequent_Payment_Billers" tests="24" failures="0" timestamp="17 Jul 2019 06:42:07 GMT" time="14.956" errors="0">
  <testcase name="gettingDashboard" time="0.266" classname="com.citi.mobileAutomation.test_SG.Test_APAC_iOS_Frequent_Payment_Billers"/>
  <testcase name="gettingDashboard" time="0.363" classname="com.citi.mobileAutomation.test_SG.Test_APAC_iOS_Frequent_Payment_Billers"/>
  <testcase name="gettingDashboard" time="0.311" classname="com.citi.mobileAutomation.test_SG.Test_APAC_iOS_Frequent_Payment_Billers"/>
  <testcase name="gettingDashboard" time="0.222" classname="com.citi.mobileAutomation.test_SG.Test_APAC_iOS_Frequent_Payment_Billers"/>
  <testcase name="gettingDashboard" time="0.606" classname="com.citi.mobileAutomation.test_SG.Test_APAC_iOS_Frequent_Payment_Billers"/>
  <testcase name="gettingDashboard" time="0.305" classname="com.citi.mobileAutomation.test_SG.Test_APAC_iOS_Frequent_Payment_Billers"/>
  <testcase name="gettingDashboard" time="0.233" classname="com.citi.mobileAutomation.test_SG.Test_APAC_iOS_Frequent_Payment_Billers"/>
  <testcase name="gettingDashboard" time="0.191" classname="com.citi.mobileAutomation.test_SG.Test_APAC_iOS_Frequent_Payment_Billers"/>
  <testcase name="gettingDashboard" time="0.211" classname="com.citi.mobileAutomation.test_SG.Test_APAC_iOS_Frequent_Payment_Billers"/>
  <testcase name="gettingDashboard" time="0.294" classname="com.citi.mobileAutomation.test_SG.Test_APAC_iOS_Frequent_Payment_Billers"/>
  <testcase name="gettingDashboard" time="1.588" classname="com.citi.mobileAutomation.test_SG.Test_APAC_iOS_Frequent_Payment_Billers"/>
  <testcase name="gettingDashboard" time="0.209" classname="com.citi.mobileAutomation.test_SG.Test_APAC_iOS_Frequent_Payment_Billers"/>
  <testcase name="gettingDashboard" time="0.720" classname="com.citi.mobileAutomation.test_SG.Test_APAC_iOS_Frequent_Payment_Billers"/>
  <testcase name="gettingDashboard" time="0.209" classname="com.citi.mobileAutomation.test_SG.Test_APAC_iOS_Frequent_Payment_Billers"/>
  <testcase name="gettingDashboard" time="0.204" classname="com.citi.mobileAutomation.test_SG.Test_APAC_iOS_Frequent_Payment_Billers"/>
  <testcase name="gettingDashboard" time="0.196" classname="com.citi.mobileAutomation.test_SG.Test_APAC_iOS_Frequent_Payment_Billers"/>
  <testcase name="gettingDashboard" time="1.435" classname="com.citi.mobileAutomation.test_SG.Test_APAC_iOS_Frequent_Payment_Billers"/>
  <testcase name="gettingDashboard" time="5.831" classname="com.citi.mobileAutomation.test_SG.Test_APAC_iOS_Frequent_Payment_Billers"/>
  <testcase name="gettingDashboard" time="0.194" classname="com.citi.mobileAutomation.test_SG.Test_APAC_iOS_Frequent_Payment_Billers"/>
  <testcase name="gettingDashboard" time="0.387" classname="com.citi.mobileAutomation.test_SG.Test_APAC_iOS_Frequent_Payment_Billers"/>
  <testcase name="gettingDashboard" time="0.301" classname="com.citi.mobileAutomation.test_SG.Test_APAC_iOS_Frequent_Payment_Billers"/>
  <testcase name="gettingDashboard" time="0.287" classname="com.citi.mobileAutomation.test_SG.Test_APAC_iOS_Frequent_Payment_Billers"/>
  <testcase name="gettingDashboard" time="0.192" classname="com.citi.mobileAutomation.test_SG.Test_APAC_iOS_Frequent_Payment_Billers"/>
  <testcase name="gettingDashboard" time="0.201" classname="com.citi.mobileAutomation.test_SG.Test_APAC_iOS_Frequent_Payment_Billers"/>
</testsuite> <!-- com.citi.mobileAutomation.test_SG.Test_APAC_iOS_Frequent_Payment_Billers -->
