<?xml version="1.0" encoding="UTF-8"?>
<!-- Generated by org.testng.reporters.JUnitReportReporter -->
<testsuite skipped="0" hostname="apples-MBP" name="com.citi.mobileAutomation.dataMapping.KeyWords_Engine" tests="1" failures="0" timestamp="17 Dec 2018 06:30:44 GMT" time="0.015" errors="0">
  <testcase name="add" time="0.015" classname="com.citi.mobileAutomation.dataMapping.KeyWords_Engine"/>
</testsuite> <!-- com.citi.mobileAutomation.dataMapping.KeyWords_Engine -->
