<?xml version="1.0" encoding="UTF-8"?>
<!-- Generated by org.testng.reporters.JUnitReportReporter -->
<testsuite skipped="0" hostname="apples-MacBook-Pro-4.local" name="com.citi.mobileAutomation.test_TH.Test_APAC_iOS_DB_100" tests="2" failures="0" timestamp="10 Jun 2019 10:08:32 GMT" time="50.287" errors="0">
  <testcase name="gettingDashboard" time="49.247" classname="com.citi.mobileAutomation.test_TH.Test_APAC_iOS_DB_100"/>
  <testcase name="gettingDashboard" time="1.040" classname="com.citi.mobileAutomation.test_TH.Test_APAC_iOS_DB_100"/>
</testsuite> <!-- com.citi.mobileAutomation.test_TH.Test_APAC_iOS_DB_100 -->
