<?xml version="1.0" encoding="UTF-8"?>
<!-- Generated by org.testng.reporters.JUnitReportReporter -->
<testsuite skipped="0" hostname="apples-MacBook-Pro-4.local" name="com.citi.mobileAutomation.test_SG.Test_APAC_iOS_FP_INTERNAL_LCY_LCY" tests="34" failures="1" timestamp="16 Jul 2019 07:04:56 GMT" time="497.128" errors="0">
  <testcase name="gettingDashboard" time="100.301" classname="com.citi.mobileAutomation.test_SG.Test_APAC_iOS_FP_INTERNAL_LCY_LCY"/>
  <testcase name="gettingDashboard" time="2.116" classname="com.citi.mobileAutomation.test_SG.Test_APAC_iOS_FP_INTERNAL_LCY_LCY"/>
  <testcase name="gettingDashboard" time="10.160" classname="com.citi.mobileAutomation.test_SG.Test_APAC_iOS_FP_INTERNAL_LCY_LCY"/>
  <testcase name="gettingDashboard" time="2.016" classname="com.citi.mobileAutomation.test_SG.Test_APAC_iOS_FP_INTERNAL_LCY_LCY"/>
  <testcase name="gettingDashboard" time="0.232" classname="com.citi.mobileAutomation.test_SG.Test_APAC_iOS_FP_INTERNAL_LCY_LCY"/>
  <testcase name="gettingDashboard" time="2.247" classname="com.citi.mobileAutomation.test_SG.Test_APAC_iOS_FP_INTERNAL_LCY_LCY"/>
  <testcase name="gettingDashboard" time="1.861" classname="com.citi.mobileAutomation.test_SG.Test_APAC_iOS_FP_INTERNAL_LCY_LCY"/>
  <testcase name="gettingDashboard" time="13.052" classname="com.citi.mobileAutomation.test_SG.Test_APAC_iOS_FP_INTERNAL_LCY_LCY"/>
  <testcase name="gettingDashboard" time="2.331" classname="com.citi.mobileAutomation.test_SG.Test_APAC_iOS_FP_INTERNAL_LCY_LCY"/>
  <testcase name="gettingDashboard" time="1.112" classname="com.citi.mobileAutomation.test_SG.Test_APAC_iOS_FP_INTERNAL_LCY_LCY"/>
  <testcase name="gettingDashboard" time="2.904" classname="com.citi.mobileAutomation.test_SG.Test_APAC_iOS_FP_INTERNAL_LCY_LCY"/>
  <testcase name="gettingDashboard" time="2.636" classname="com.citi.mobileAutomation.test_SG.Test_APAC_iOS_FP_INTERNAL_LCY_LCY"/>
  <testcase name="gettingDashboard" time="2.593" classname="com.citi.mobileAutomation.test_SG.Test_APAC_iOS_FP_INTERNAL_LCY_LCY"/>
  <testcase name="gettingDashboard" time="1.802" classname="com.citi.mobileAutomation.test_SG.Test_APAC_iOS_FP_INTERNAL_LCY_LCY"/>
  <testcase name="gettingDashboard" time="4.631" classname="com.citi.mobileAutomation.test_SG.Test_APAC_iOS_FP_INTERNAL_LCY_LCY"/>
  <testcase name="gettingDashboard" time="11.976" classname="com.citi.mobileAutomation.test_SG.Test_APAC_iOS_FP_INTERNAL_LCY_LCY"/>
  <testcase name="gettingDashboard" time="2.542" classname="com.citi.mobileAutomation.test_SG.Test_APAC_iOS_FP_INTERNAL_LCY_LCY"/>
  <testcase name="gettingDashboard" time="3.388" classname="com.citi.mobileAutomation.test_SG.Test_APAC_iOS_FP_INTERNAL_LCY_LCY"/>
  <testcase name="gettingDashboard" time="2.435" classname="com.citi.mobileAutomation.test_SG.Test_APAC_iOS_FP_INTERNAL_LCY_LCY"/>
  <testcase name="gettingDashboard" time="12.097" classname="com.citi.mobileAutomation.test_SG.Test_APAC_iOS_FP_INTERNAL_LCY_LCY"/>
  <testcase name="gettingDashboard" time="0.237" classname="com.citi.mobileAutomation.test_SG.Test_APAC_iOS_FP_INTERNAL_LCY_LCY"/>
  <testcase name="gettingDashboard" time="3.994" classname="com.citi.mobileAutomation.test_SG.Test_APAC_iOS_FP_INTERNAL_LCY_LCY"/>
  <testcase name="gettingDashboard" time="48.677" classname="com.citi.mobileAutomation.test_SG.Test_APAC_iOS_FP_INTERNAL_LCY_LCY"/>
  <testcase name="gettingDashboard" time="2.086" classname="com.citi.mobileAutomation.test_SG.Test_APAC_iOS_FP_INTERNAL_LCY_LCY"/>
  <testcase name="gettingDashboard" time="1.770" classname="com.citi.mobileAutomation.test_SG.Test_APAC_iOS_FP_INTERNAL_LCY_LCY"/>
  <testcase name="gettingDashboard" time="3.165" classname="com.citi.mobileAutomation.test_SG.Test_APAC_iOS_FP_INTERNAL_LCY_LCY"/>
  <testcase name="gettingDashboard" time="2.445" classname="com.citi.mobileAutomation.test_SG.Test_APAC_iOS_FP_INTERNAL_LCY_LCY"/>
  <testcase name="gettingDashboard" time="3.004" classname="com.citi.mobileAutomation.test_SG.Test_APAC_iOS_FP_INTERNAL_LCY_LCY"/>
  <testcase name="gettingDashboard" time="2.135" classname="com.citi.mobileAutomation.test_SG.Test_APAC_iOS_FP_INTERNAL_LCY_LCY"/>
  <testcase name="gettingDashboard" time="2.462" classname="com.citi.mobileAutomation.test_SG.Test_APAC_iOS_FP_INTERNAL_LCY_LCY"/>
  <testcase name="gettingDashboard" time="40.487" classname="com.citi.mobileAutomation.test_SG.Test_APAC_iOS_FP_INTERNAL_LCY_LCY">
    <failure type="java.lang.AssertionError" message="expected [true] but found [false]">
      <![CDATA[java.lang.AssertionError: expected [true] but found [false]
at org.testng.Assert.fail(Assert.java:96)
at org.testng.Assert.failNotEquals(Assert.java:776)
at org.testng.Assert.assertTrue(Assert.java:44)
at org.testng.Assert.assertTrue(Assert.java:54)
at com.citi.mobileAutomation.assertEngine.Assert_Engine.assertMapping(Assert_Engine.java:13)
at com.citi.mobileAutomation.dataMapping.Action_Mapping.actionMapping_Mobile_Application_Native_Android(Action_Mapping.java:101)
at com.citi.mobileAutomation.dataMapping.ObjectGroups.actionOnElements(ObjectGroups.java:45)
at com.citi.mobileAutomation.test_SG.Test_APAC_iOS_FP_INTERNAL_LCY_LCY.gettingDashboard(Test_APAC_iOS_FP_INTERNAL_LCY_LCY.java:25)
at sun.reflect.GeneratedMethodAccessor1.invoke(Unknown Source)
at sun.reflect.DelegatingMethodAccessorImpl.invoke(DelegatingMethodAccessorImpl.java:43)
at java.lang.reflect.Method.invoke(Method.java:498)
at org.testng.internal.MethodInvocationHelper.invokeMethod(MethodInvocationHelper.java:124)
at org.testng.internal.Invoker.invokeMethod(Invoker.java:583)
at org.testng.internal.Invoker.invokeTestMethod(Invoker.java:719)
at org.testng.internal.Invoker.invokeTestMethods(Invoker.java:989)
at org.testng.internal.TestMethodWorker.invokeTestMethods(TestMethodWorker.java:125)
at org.testng.internal.TestMethodWorker.run(TestMethodWorker.java:109)
at org.testng.TestRunner.privateRun(TestRunner.java:648)
at org.testng.TestRunner.run(TestRunner.java:505)
at org.testng.SuiteRunner.runTest(SuiteRunner.java:455)
at org.testng.SuiteRunner.runSequentially(SuiteRunner.java:450)
at org.testng.SuiteRunner.privateRun(SuiteRunner.java:415)
at org.testng.SuiteRunner.run(SuiteRunner.java:364)
at org.testng.SuiteRunnerWorker.runSuite(SuiteRunnerWorker.java:52)
at org.testng.SuiteRunnerWorker.run(SuiteRunnerWorker.java:84)
at org.testng.TestNG.runSuitesSequentially(TestNG.java:1208)
at org.testng.TestNG.runSuitesLocally(TestNG.java:1137)
at org.testng.TestNG.runSuites(TestNG.java:1049)
at org.testng.TestNG.run(TestNG.java:1017)
at org.testng.remote.AbstractRemoteTestNG.run(AbstractRemoteTestNG.java:115)
at org.testng.remote.RemoteTestNG.initAndRun(RemoteTestNG.java:251)
at org.testng.remote.RemoteTestNG.main(RemoteTestNG.java:77)
]]>
    </failure>
  </testcase> <!-- gettingDashboard -->
  <testcase name="gettingDashboard" time="1.844" classname="com.citi.mobileAutomation.test_SG.Test_APAC_iOS_FP_INTERNAL_LCY_LCY"/>
  <testcase name="gettingDashboard" time="2.046" classname="com.citi.mobileAutomation.test_SG.Test_APAC_iOS_FP_INTERNAL_LCY_LCY"/>
  <testcase name="gettingDashboard" time="200.344" classname="com.citi.mobileAutomation.test_SG.Test_APAC_iOS_FP_INTERNAL_LCY_LCY"/>
</testsuite> <!-- com.citi.mobileAutomation.test_SG.Test_APAC_iOS_FP_INTERNAL_LCY_LCY -->
