<?xml version="1.0" encoding="UTF-8"?>
<!-- Generated by org.testng.reporters.JUnitReportReporter -->
<testsuite skipped="0" hostname="hp" name="com.mba.commons.controlers.DriverCreation" tests="1" failures="0" timestamp="2020-07-31T04:18:49 IST" time="0.000" errors="0">
  <testcase name="test" time="0.000" classname="com.mba.commons.controlers.DriverCreation"/>
  <system-out/>
</testsuite> <!-- com.mba.commons.controlers.DriverCreation -->
