<?xml version="1.0" encoding="UTF-8"?>
<!-- Generated by org.testng.reporters.JUnitReportReporter -->
<testsuite hostname="apples-MacBook-Pro.local" name="com.citi.mobileAutomation.controlers.DriverCreation" tests="1" failures="0" timestamp="8 Jul 2019 09:02:32 GMT" time="0.004" errors="0">
  <testcase name="test" time="0.004" classname="com.citi.mobileAutomation.controlers.DriverCreation"/>
</testsuite> <!-- com.citi.mobileAutomation.controlers.DriverCreation -->
