<?xml version="1.0" encoding="UTF-8"?>
<!-- Generated by org.testng.reporters.JUnitReportReporter -->
<testsuite hostname="apples-MacBook-Pro.local" name="com.citi.mobileAutomation.utils.ResuableFunction" tests="1" failures="0" timestamp="4 Jul 2019 07:26:40 GMT" time="0.005" errors="0">
  <testcase name="test" time="0.005" classname="com.citi.mobileAutomation.utils.ResuableFunction"/>
</testsuite> <!-- com.citi.mobileAutomation.utils.ResuableFunction -->
