<?xml version="1.0" encoding="UTF-8"?>
<!-- Generated by org.testng.reporters.JUnitReportReporter -->
<testsuite skipped="0" hostname="apples-MacBook-Pro-4.local" name="com.citi.mobileAutomation.test_PL_iOS.Test__EMEA_PL_AD_100_Checking" tests="34" failures="0" timestamp="14 May 2019 07:12:07 GMT" time="165.230" errors="1">
  <testcase name="gettingDataEPP" time="0.231" classname="com.citi.mobileAutomation.test_PL_iOS.Test__EMEA_PL_AD_100_Checking"/>
  <testcase name="gettingDataEPP" time="2.628" classname="com.citi.mobileAutomation.test_PL_iOS.Test__EMEA_PL_AD_100_Checking"/>
  <testcase name="gettingDataEPP" time="2.603" classname="com.citi.mobileAutomation.test_PL_iOS.Test__EMEA_PL_AD_100_Checking"/>
  <testcase name="gettingDataEPP" time="2.603" classname="com.citi.mobileAutomation.test_PL_iOS.Test__EMEA_PL_AD_100_Checking"/>
  <testcase name="gettingDataEPP" time="2.688" classname="com.citi.mobileAutomation.test_PL_iOS.Test__EMEA_PL_AD_100_Checking"/>
  <testcase name="gettingDataEPP" time="2.599" classname="com.citi.mobileAutomation.test_PL_iOS.Test__EMEA_PL_AD_100_Checking"/>
  <testcase name="gettingDataEPP" time="2.655" classname="com.citi.mobileAutomation.test_PL_iOS.Test__EMEA_PL_AD_100_Checking"/>
  <testcase name="gettingDataEPP" time="2.763" classname="com.citi.mobileAutomation.test_PL_iOS.Test__EMEA_PL_AD_100_Checking"/>
  <testcase name="gettingDataEPP" time="4.982" classname="com.citi.mobileAutomation.test_PL_iOS.Test__EMEA_PL_AD_100_Checking"/>
  <testcase name="gettingDataEPP" time="0.204" classname="com.citi.mobileAutomation.test_PL_iOS.Test__EMEA_PL_AD_100_Checking"/>
  <testcase name="gettingDataEPP" time="4.394" classname="com.citi.mobileAutomation.test_PL_iOS.Test__EMEA_PL_AD_100_Checking"/>
  <testcase name="gettingDataEPP" time="10.093" classname="com.citi.mobileAutomation.test_PL_iOS.Test__EMEA_PL_AD_100_Checking"/>
  <testcase name="gettingDataEPP" time="2.661" classname="com.citi.mobileAutomation.test_PL_iOS.Test__EMEA_PL_AD_100_Checking"/>
  <testcase name="gettingDataEPP" time="2.655" classname="com.citi.mobileAutomation.test_PL_iOS.Test__EMEA_PL_AD_100_Checking"/>
  <testcase name="gettingDataEPP" time="2.733" classname="com.citi.mobileAutomation.test_PL_iOS.Test__EMEA_PL_AD_100_Checking"/>
  <testcase name="gettingDataEPP" time="5.800" classname="com.citi.mobileAutomation.test_PL_iOS.Test__EMEA_PL_AD_100_Checking"/>
  <testcase name="gettingDataEPP" time="2.624" classname="com.citi.mobileAutomation.test_PL_iOS.Test__EMEA_PL_AD_100_Checking"/>
  <testcase name="gettingDataEPP" time="0.209" classname="com.citi.mobileAutomation.test_PL_iOS.Test__EMEA_PL_AD_100_Checking">
    <error type="java.lang.NullPointerException">
      <![CDATA[java.lang.NullPointerException
at java.util.StringTokenizer.<init>(StringTokenizer.java:199)
at java.util.StringTokenizer.<init>(StringTokenizer.java:221)
at com.citi.mobileAutomation.dataMapping.KeyWords_Engine.splitBy(KeyWords_Engine.java:38)
at com.citi.mobileAutomation.dataMapping.KeyWords_Engine.returnValue(KeyWords_Engine.java:22)
at com.citi.mobileAutomation.dataMapping.ObjectGroups.actionOnElements(ObjectGroups.java:20)
at com.citi.mobileAutomation.test_PL_iOS.Test__EMEA_PL_AD_100_Checking.gettingDataEPP(Test__EMEA_PL_AD_100_Checking.java:24)
at sun.reflect.GeneratedMethodAccessor4.invoke(Unknown Source)
at sun.reflect.DelegatingMethodAccessorImpl.invoke(DelegatingMethodAccessorImpl.java:43)
at java.lang.reflect.Method.invoke(Method.java:498)
at org.testng.internal.MethodInvocationHelper.invokeMethod(MethodInvocationHelper.java:124)
at org.testng.internal.Invoker.invokeMethod(Invoker.java:583)
at org.testng.internal.Invoker.invokeTestMethod(Invoker.java:719)
at org.testng.internal.Invoker.invokeTestMethods(Invoker.java:989)
at org.testng.internal.TestMethodWorker.invokeTestMethods(TestMethodWorker.java:125)
at org.testng.internal.TestMethodWorker.run(TestMethodWorker.java:109)
at org.testng.TestRunner.privateRun(TestRunner.java:648)
at org.testng.TestRunner.run(TestRunner.java:505)
at org.testng.SuiteRunner.runTest(SuiteRunner.java:455)
at org.testng.SuiteRunner.runSequentially(SuiteRunner.java:450)
at org.testng.SuiteRunner.privateRun(SuiteRunner.java:415)
at org.testng.SuiteRunner.run(SuiteRunner.java:364)
at org.testng.SuiteRunnerWorker.runSuite(SuiteRunnerWorker.java:52)
at org.testng.SuiteRunnerWorker.run(SuiteRunnerWorker.java:84)
at org.testng.TestNG.runSuitesSequentially(TestNG.java:1208)
at org.testng.TestNG.runSuitesLocally(TestNG.java:1137)
at org.testng.TestNG.runSuites(TestNG.java:1049)
at org.testng.TestNG.run(TestNG.java:1017)
at org.testng.remote.AbstractRemoteTestNG.run(AbstractRemoteTestNG.java:115)
at org.testng.remote.RemoteTestNG.initAndRun(RemoteTestNG.java:251)
at org.testng.remote.RemoteTestNG.main(RemoteTestNG.java:77)
]]>
    </error>
  </testcase> <!-- gettingDataEPP -->
  <testcase name="gettingDataEPP" time="6.864" classname="com.citi.mobileAutomation.test_PL_iOS.Test__EMEA_PL_AD_100_Checking"/>
  <testcase name="gettingDataEPP" time="2.637" classname="com.citi.mobileAutomation.test_PL_iOS.Test__EMEA_PL_AD_100_Checking"/>
  <testcase name="gettingDataEPP" time="11.972" classname="com.citi.mobileAutomation.test_PL_iOS.Test__EMEA_PL_AD_100_Checking"/>
  <testcase name="gettingDataEPP" time="43.223" classname="com.citi.mobileAutomation.test_PL_iOS.Test__EMEA_PL_AD_100_Checking"/>
  <testcase name="gettingDataEPP" time="2.673" classname="com.citi.mobileAutomation.test_PL_iOS.Test__EMEA_PL_AD_100_Checking"/>
  <testcase name="gettingDataEPP" time="2.823" classname="com.citi.mobileAutomation.test_PL_iOS.Test__EMEA_PL_AD_100_Checking"/>
  <testcase name="gettingDataEPP" time="2.632" classname="com.citi.mobileAutomation.test_PL_iOS.Test__EMEA_PL_AD_100_Checking"/>
  <testcase name="gettingDataEPP" time="3.306" classname="com.citi.mobileAutomation.test_PL_iOS.Test__EMEA_PL_AD_100_Checking"/>
  <testcase name="gettingDataEPP" time="2.651" classname="com.citi.mobileAutomation.test_PL_iOS.Test__EMEA_PL_AD_100_Checking"/>
  <testcase name="gettingDataEPP" time="2.706" classname="com.citi.mobileAutomation.test_PL_iOS.Test__EMEA_PL_AD_100_Checking"/>
  <testcase name="gettingDataEPP" time="2.722" classname="com.citi.mobileAutomation.test_PL_iOS.Test__EMEA_PL_AD_100_Checking"/>
  <testcase name="gettingDataEPP" time="15.028" classname="com.citi.mobileAutomation.test_PL_iOS.Test__EMEA_PL_AD_100_Checking"/>
  <testcase name="gettingDataEPP" time="2.988" classname="com.citi.mobileAutomation.test_PL_iOS.Test__EMEA_PL_AD_100_Checking"/>
  <testcase name="gettingDataEPP" time="2.603" classname="com.citi.mobileAutomation.test_PL_iOS.Test__EMEA_PL_AD_100_Checking"/>
  <testcase name="gettingDataEPP" time="2.643" classname="com.citi.mobileAutomation.test_PL_iOS.Test__EMEA_PL_AD_100_Checking"/>
  <testcase name="gettingDataEPP" time="2.634" classname="com.citi.mobileAutomation.test_PL_iOS.Test__EMEA_PL_AD_100_Checking"/>
</testsuite> <!-- com.citi.mobileAutomation.test_PL_iOS.Test__EMEA_PL_AD_100_Checking -->
