<?xml version="1.0" encoding="UTF-8"?>
<!-- Generated by org.testng.reporters.JUnitReportReporter -->
<testsuite skipped="0" hostname="hp" name="com.mba.apiAutomation.webServiceMethods.JsonUpdate" tests="1" failures="0" timestamp="2020-08-01T02:42:26 IST" time="0.547" errors="0">
  <testcase name="a_value_can_be_updated" time="0.547" classname="com.mba.apiAutomation.webServiceMethods.JsonUpdate"/>
  <system-out/>
</testsuite> <!-- com.mba.apiAutomation.webServiceMethods.JsonUpdate -->
