<?xml version="1.0" encoding="UTF-8"?>
<!-- Generated by org.testng.reporters.JUnitReportReporter -->
<testsuite skipped="0" hostname="RDT039" name="com.citi.mobileAutomation.test_EPP_TW.Test__TW_EPP_Transactions_125" tests="18" failures="0" timestamp="11 Mar 2019 06:13:12 GMT" time="587.455" errors="0">
  <testcase name="gettingDataEPP" time="23.300" classname="com.citi.mobileAutomation.test_EPP_TW.Test__TW_EPP_Transactions_125"/>
  <testcase name="gettingDataEPP" time="9.596" classname="com.citi.mobileAutomation.test_EPP_TW.Test__TW_EPP_Transactions_125"/>
  <testcase name="gettingDataEPP" time="9.656" classname="com.citi.mobileAutomation.test_EPP_TW.Test__TW_EPP_Transactions_125"/>
  <testcase name="gettingDataEPP" time="12.951" classname="com.citi.mobileAutomation.test_EPP_TW.Test__TW_EPP_Transactions_125"/>
  <testcase name="gettingDataEPP" time="14.412" classname="com.citi.mobileAutomation.test_EPP_TW.Test__TW_EPP_Transactions_125"/>
  <testcase name="gettingDataEPP" time="29.249" classname="com.citi.mobileAutomation.test_EPP_TW.Test__TW_EPP_Transactions_125"/>
  <testcase name="gettingDataEPP" time="54.822" classname="com.citi.mobileAutomation.test_EPP_TW.Test__TW_EPP_Transactions_125"/>
  <testcase name="gettingDataEPP" time="328.245" classname="com.citi.mobileAutomation.test_EPP_TW.Test__TW_EPP_Transactions_125"/>
  <testcase name="gettingDataEPP" time="15.388" classname="com.citi.mobileAutomation.test_EPP_TW.Test__TW_EPP_Transactions_125"/>
  <testcase name="gettingDataEPP" time="9.555" classname="com.citi.mobileAutomation.test_EPP_TW.Test__TW_EPP_Transactions_125"/>
  <testcase name="gettingDataEPP" time="7.871" classname="com.citi.mobileAutomation.test_EPP_TW.Test__TW_EPP_Transactions_125"/>
  <testcase name="gettingDataEPP" time="13.743" classname="com.citi.mobileAutomation.test_EPP_TW.Test__TW_EPP_Transactions_125"/>
  <testcase name="gettingDataEPP" time="12.074" classname="com.citi.mobileAutomation.test_EPP_TW.Test__TW_EPP_Transactions_125"/>
  <testcase name="gettingDataEPP" time="12.172" classname="com.citi.mobileAutomation.test_EPP_TW.Test__TW_EPP_Transactions_125"/>
  <testcase name="gettingDataEPP" time="8.230" classname="com.citi.mobileAutomation.test_EPP_TW.Test__TW_EPP_Transactions_125"/>
  <testcase name="gettingDataEPP" time="5.218" classname="com.citi.mobileAutomation.test_EPP_TW.Test__TW_EPP_Transactions_125"/>
  <testcase name="gettingDataEPP" time="10.319" classname="com.citi.mobileAutomation.test_EPP_TW.Test__TW_EPP_Transactions_125"/>
  <testcase name="gettingDataEPP" time="10.654" classname="com.citi.mobileAutomation.test_EPP_TW.Test__TW_EPP_Transactions_125"/>
</testsuite> <!-- com.citi.mobileAutomation.test_EPP_TW.Test__TW_EPP_Transactions_125 -->
