<?xml version="1.0" encoding="UTF-8"?>
<!-- Generated by org.testng.reporters.JUnitReportReporter -->
<testsuite hostname="apples-MacBook-Pro.local" name="com.citi.mobileAutomation.dataMapping.Action_Mapping" tests="1" failures="0" timestamp="4 Jul 2019 07:28:29 GMT" time="0.006" errors="0">
  <testcase name="test" time="0.006" classname="com.citi.mobileAutomation.dataMapping.Action_Mapping"/>
</testsuite> <!-- com.citi.mobileAutomation.dataMapping.Action_Mapping -->
