<?xml version="1.0" encoding="UTF-8"?>
<!-- Generated by org.testng.reporters.JUnitReportReporter -->
<testsuite skipped="0" hostname="apples-MacBook-Pro-4.local" name="com.citi.mobileAutomation.test_TH.Test_APAC_iOS_ALOP_100" tests="3" failures="0" timestamp="10 Jun 2019 11:16:41 GMT" time="77.171" errors="0">
  <testcase name="gettingDashboard" time="23.345" classname="com.citi.mobileAutomation.test_TH.Test_APAC_iOS_ALOP_100"/>
  <testcase name="gettingDashboard" time="0.862" classname="com.citi.mobileAutomation.test_TH.Test_APAC_iOS_ALOP_100"/>
  <testcase name="gettingDashboard" time="52.964" classname="com.citi.mobileAutomation.test_TH.Test_APAC_iOS_ALOP_100"/>
</testsuite> <!-- com.citi.mobileAutomation.test_TH.Test_APAC_iOS_ALOP_100 -->
