<?xml version="1.0" encoding="UTF-8"?>
<!-- Generated by org.testng.reporters.JUnitReportReporter -->
<testsuite skipped="0" hostname="W764BNSCBR01" name="com.citi.browserAutomation.test.Tc_01" tests="1" failures="0" timestamp="22 Aug 2019 09:24:48 GMT" time="8.299" errors="0">
  <testcase name="frameCheck" time="8.299" classname="com.citi.browserAutomation.test.Tc_01"/>
</testsuite> <!-- com.citi.browserAutomation.test.Tc_01 -->
