<?xml version="1.0" encoding="UTF-8"?>
<!-- Generated by org.testng.reporters.JUnitReportReporter -->
<testsuite hostname="apples-MacBook-Pro.local" name="com.citi.mobileAutomation.test_TH.Test_APAC_iOS_ALOP_OTHER_ACCOUNT" tests="2" failures="0" timestamp="8 Jul 2019 09:13:00 GMT" time="30.526" errors="0">
  <testcase name="test" time="0.211" classname="com.citi.mobileAutomation.test_TH.Test_APAC_iOS_ALOP_OTHER_ACCOUNT"/>
  <testcase name="adddd" time="30.315" classname="com.citi.mobileAutomation.test_TH.Test_APAC_iOS_ALOP_OTHER_ACCOUNT"/>
</testsuite> <!-- com.citi.mobileAutomation.test_TH.Test_APAC_iOS_ALOP_OTHER_ACCOUNT -->
